<?xml version="1.0" encoding="UTF-8"?>
<!-- Generated by org.testng.reporters.JUnitReportReporter -->
<testsuite hostname="LAPTOP-GTC0RSB6" failures="0" tests="5" name="com.example.tests.LoginTests" time="43.582" errors="0" timestamp="2025-09-07T14:32:00 IST" skipped="0">
  <testcase classname="com.example.tests.LoginTests" name="testValidLoginNavigatesToInventoryPage" time="2.362"/>
  <testcase classname="com.example.tests.LoginTests" name="invalidLogin_shouldShowError" time="3.908"/>
  <testcase classname="com.example.tests.LoginTests" name="invalidPassword_shouldShowError" time="3.822"/>
  <testcase classname="com.example.tests.LoginTests" name="blankCredentials_shouldShowError" time="25.553"/>
  <testcase classname="com.example.tests.LoginTests" name="blankPassword" time="7.937"/>
</testsuite> <!-- com.example.tests.LoginTests -->
