<?xml version="1.0" encoding="UTF-8"?>
<!-- Generated by org.testng.reporters.JUnitReportReporter -->
<testsuite hostname="LAPTOP-GTC0RSB6" failures="0" tests="4" name="com.example.tests.CheckoutTests" time="19.780" errors="0" timestamp="2025-09-07T14:32:00 IST" skipped="0">
  <testcase classname="com.example.tests.CheckoutTests" name="checkout_shouldCompleteOrder" time="3.043"/>
  <testcase classname="com.example.tests.CheckoutTests" name="checkout_missingFirstName_shouldShowError" time="6.552"/>
  <testcase classname="com.example.tests.CheckoutTests" name="checkout_missingLastName_shouldShowError" time="4.623"/>
  <testcase classname="com.example.tests.CheckoutTests" name="checkout_missingPostalCode_shouldShowError" time="5.562"/>
</testsuite> <!-- com.example.tests.CheckoutTests -->
