<?xml version="1.0" encoding="UTF-8"?>
<!-- Generated by org.testng.reporters.JUnitReportReporter -->
<testsuite hostname="LAPTOP-GTC0RSB6" failures="0" tests="3" name="com.example.runners.TestRunner" time="14.352" errors="0" timestamp="2025-09-07T14:32:00 IST" skipped="0">
  <testcase classname="com.example.runners.TestRunner" name="runScenario" time="4.348"/>
  <testcase classname="com.example.runners.TestRunner" name="runScenario" time="6.023"/>
  <testcase classname="com.example.runners.TestRunner" name="runScenario" time="3.981"/>
</testsuite> <!-- com.example.runners.TestRunner -->
