<?xml version="1.0" encoding="UTF-8"?>
<!-- Generated by org.testng.reporters.JUnitReportReporter -->
<testsuite hostname="LAPTOP-GTC0RSB6" failures="0" tests="4" name="com.example.tests.CartTests" time="37.004" errors="0" timestamp="2025-09-07T14:32:00 IST" skipped="0">
  <testcase classname="com.example.tests.CartTests" name="addMultipleItems_shouldAppearInCart" time="4.170"/>
  <testcase classname="com.example.tests.CartTests" name="addItemToCart_shouldIncreaseCartCount" time="3.825"/>
  <testcase classname="com.example.tests.CartTests" name="removeItemFromCart_shouldDecreaseCartCount" time="24.877"/>
  <testcase classname="com.example.tests.CartTests" name="cartShouldPersistAfterNavigation" time="4.132"/>
</testsuite> <!-- com.example.tests.CartTests -->
