<?xml version="1.0" encoding="UTF-8"?>
<!-- Generated by org.testng.reporters.JUnitReportReporter -->
<testsuite hostname="LAPTOP-GTC0RSB6" failures="0" tests="3" name="com.example.tests.InventoryTest" time="10.069" errors="0" timestamp="2025-09-07T01:35:15 IST" skipped="0">
  <testcase classname="com.example.tests.InventoryTest" name="verifyInventoryPageTitle" time="3.354"/>
  <testcase classname="com.example.tests.InventoryTest" name="addFirstItemToCart_shouldIncreaseCartBadge" time="3.455"/>
  <testcase classname="com.example.tests.InventoryTest" name="cartBadgeShouldNotAppearWhenNoItemsAdded" time="3.260"/>
</testsuite> <!-- com.example.tests.InventoryTest -->
