<?xml version="1.0" encoding="UTF-8"?>
<!-- Generated by org.testng.reporters.JUnitReportReporter -->
<testsuite hostname="LAPTOP-GTC0RSB6" failures="0" tests="5" name="com.example.tests.LoginTests" time="20.515" errors="0" timestamp="2025-09-09T11:18:08 IST" skipped="0">
  <testcase classname="com.example.tests.LoginTests" name="testValidLoginNavigatesToInventoryPage" time="3.773"/>
  <testcase classname="com.example.tests.LoginTests" name="invalidLogin_shouldShowError" time="7.419"/>
  <testcase classname="com.example.tests.LoginTests" name="invalidPassword_shouldShowError" time="2.464"/>
  <testcase classname="com.example.tests.LoginTests" name="blankCredentials_shouldShowError" time="3.510"/>
  <testcase classname="com.example.tests.LoginTests" name="blankPassword" time="3.349"/>
</testsuite> <!-- com.example.tests.LoginTests -->
