<?xml version="1.0" encoding="UTF-8"?>
<!-- Generated by org.testng.reporters.JUnitReportReporter -->
<testsuite hostname="LAPTOP-GTC0RSB6" failures="0" tests="4" name="com.example.tests.CheckoutTests" time="20.457" errors="0" timestamp="2025-09-09T09:36:47 IST" skipped="0">
  <testcase classname="com.example.tests.CheckoutTests" name="checkout_shouldCompleteOrder" time="5.111"/>
  <testcase classname="com.example.tests.CheckoutTests" name="checkout_missingFirstName_shouldShowError" time="4.451"/>
  <testcase classname="com.example.tests.CheckoutTests" name="checkout_missingLastName_shouldShowError" time="6.670"/>
  <testcase classname="com.example.tests.CheckoutTests" name="checkout_missingPostalCode_shouldShowError" time="4.225"/>
</testsuite> <!-- com.example.tests.CheckoutTests -->
