<?xml version="1.0" encoding="UTF-8"?>
<!-- Generated by org.testng.reporters.JUnitReportReporter -->
<testsuite hostname="LAPTOP-GTC0RSB6" failures="0" tests="5" name="com.example.tests.LoginTests" time="47.635" errors="0" timestamp="2025-09-09T09:55:52 IST" skipped="0">
  <testcase classname="com.example.tests.LoginTests" name="testValidLoginNavigatesToInventoryPage" time="6.094"/>
  <testcase classname="com.example.tests.LoginTests" name="invalidLogin_shouldShowError" time="29.638"/>
  <testcase classname="com.example.tests.LoginTests" name="invalidPassword_shouldShowError" time="2.868"/>
  <testcase classname="com.example.tests.LoginTests" name="blankCredentials_shouldShowError" time="4.752"/>
  <testcase classname="com.example.tests.LoginTests" name="blankPassword" time="4.283"/>
</testsuite> <!-- com.example.tests.LoginTests -->
