<?xml version="1.0" encoding="UTF-8"?>
<!-- Generated by org.testng.reporters.JUnitReportReporter -->
<testsuite hostname="LAPTOP-GTC0RSB6" failures="0" tests="5" name="com.example.tests.LoginTests" time="23.952" errors="0" timestamp="2025-09-08T18:02:03 IST" skipped="0">
  <testcase classname="com.example.tests.LoginTests" name="testValidLoginNavigatesToInventoryPage" time="3.652"/>
  <testcase classname="com.example.tests.LoginTests" name="invalidLogin_shouldShowError" time="3.345"/>
  <testcase classname="com.example.tests.LoginTests" name="invalidPassword_shouldShowError" time="8.099"/>
  <testcase classname="com.example.tests.LoginTests" name="blankCredentials_shouldShowError" time="4.036"/>
  <testcase classname="com.example.tests.LoginTests" name="blankPassword" time="4.820"/>
</testsuite> <!-- com.example.tests.LoginTests -->
