<?xml version="1.0" encoding="UTF-8"?>
<!-- Generated by org.testng.reporters.JUnitReportReporter -->
<testsuite hostname="LAPTOP-GTC0RSB6" failures="0" tests="5" name="com.example.tests.LoginTests" time="20.555" errors="0" timestamp="2025-09-09T10:09:21 IST" skipped="0">
  <testcase classname="com.example.tests.LoginTests" name="testValidLoginNavigatesToInventoryPage" time="2.806"/>
  <testcase classname="com.example.tests.LoginTests" name="invalidLogin_shouldShowError" time="3.749"/>
  <testcase classname="com.example.tests.LoginTests" name="invalidPassword_shouldShowError" time="3.946"/>
  <testcase classname="com.example.tests.LoginTests" name="blankCredentials_shouldShowError" time="6.543"/>
  <testcase classname="com.example.tests.LoginTests" name="blankPassword" time="3.511"/>
</testsuite> <!-- com.example.tests.LoginTests -->
