<?xml version="1.0" encoding="UTF-8"?>
<!-- Generated by org.testng.reporters.JUnitReportReporter -->
<testsuite hostname="LAPTOP-GTC0RSB6" failures="0" tests="5" name="com.example.tests.LoginTests" time="32.788" errors="0" timestamp="2025-09-09T11:23:02 IST" skipped="0">
  <testcase classname="com.example.tests.LoginTests" name="testValidLoginNavigatesToInventoryPage" time="5.532"/>
  <testcase classname="com.example.tests.LoginTests" name="invalidLogin_shouldShowError" time="6.021"/>
  <testcase classname="com.example.tests.LoginTests" name="invalidPassword_shouldShowError" time="3.894"/>
  <testcase classname="com.example.tests.LoginTests" name="blankCredentials_shouldShowError" time="15.043"/>
  <testcase classname="com.example.tests.LoginTests" name="blankPassword" time="2.298"/>
</testsuite> <!-- com.example.tests.LoginTests -->
