<?xml version="1.0" encoding="UTF-8"?>
<!-- Generated by org.testng.reporters.JUnitReportReporter -->
<testsuite hostname="LAPTOP-GTC0RSB6" failures="0" tests="3" name="com.example.runners.TestRunner" time="11.136" errors="0" timestamp="2025-09-09T11:33:12 IST" skipped="0">
  <testcase classname="com.example.runners.TestRunner" name="runScenario" time="3.859"/>
  <testcase classname="com.example.runners.TestRunner" name="runScenario" time="3.461"/>
  <testcase classname="com.example.runners.TestRunner" name="runScenario" time="3.816"/>
</testsuite> <!-- com.example.runners.TestRunner -->
