<?xml version="1.0" encoding="UTF-8"?>
<!-- Generated by org.testng.reporters.JUnitReportReporter -->
<testsuite hostname="LAPTOP-GTC0RSB6" failures="0" tests="4" name="com.example.tests.CheckoutTests" time="54.562" errors="0" timestamp="2025-09-09T10:17:38 IST" skipped="0">
  <testcase classname="com.example.tests.CheckoutTests" name="checkout_shouldCompleteOrder" time="4.045"/>
  <testcase classname="com.example.tests.CheckoutTests" name="checkout_missingFirstName_shouldShowError" time="23.544"/>
  <testcase classname="com.example.tests.CheckoutTests" name="checkout_missingLastName_shouldShowError" time="23.352"/>
  <testcase classname="com.example.tests.CheckoutTests" name="checkout_missingPostalCode_shouldShowError" time="3.621"/>
</testsuite> <!-- com.example.tests.CheckoutTests -->
