<?xml version="1.0" encoding="UTF-8"?>
<!-- Generated by org.testng.reporters.JUnitReportReporter -->
<testsuite hostname="LAPTOP-GTC0RSB6" failures="0" tests="4" name="com.example.tests.CartTests" time="14.168" errors="0" timestamp="2025-09-09T10:17:38 IST" skipped="0">
  <testcase classname="com.example.tests.CartTests" name="cartShouldPersistAfterNavigation" time="3.815"/>
  <testcase classname="com.example.tests.CartTests" name="addItemToCart_shouldIncreaseCartCount" time="3.215"/>
  <testcase classname="com.example.tests.CartTests" name="removeItemFromCart_shouldDecreaseCartCount" time="3.707"/>
  <testcase classname="com.example.tests.CartTests" name="addMultipleItems_shouldAppearInCart" time="3.431"/>
</testsuite> <!-- com.example.tests.CartTests -->
