<?xml version="1.0" encoding="UTF-8"?>
<!-- Generated by org.testng.reporters.JUnitReportReporter -->
<testsuite hostname="LAPTOP-GTC0RSB6" failures="0" tests="3" name="com.example.runners.TestRunner" time="11.678" errors="0" timestamp="2025-09-09T10:09:21 IST" skipped="0">
  <testcase classname="com.example.runners.TestRunner" name="runScenario" time="3.645"/>
  <testcase classname="com.example.runners.TestRunner" name="runScenario" time="4.328"/>
  <testcase classname="com.example.runners.TestRunner" name="runScenario" time="3.705"/>
</testsuite> <!-- com.example.runners.TestRunner -->
