<?xml version="1.0" encoding="UTF-8"?>
<!-- Generated by org.testng.reporters.JUnitReportReporter -->
<testsuite hostname="LAPTOP-GTC0RSB6" failures="0" tests="4" name="com.example.tests.CartTests" time="39.854" errors="0" timestamp="2025-09-09T09:55:52 IST" skipped="0">
  <testcase classname="com.example.tests.CartTests" name="addMultipleItems_shouldAppearInCart" time="4.359"/>
  <testcase classname="com.example.tests.CartTests" name="addItemToCart_shouldIncreaseCartCount" time="4.546"/>
  <testcase classname="com.example.tests.CartTests" name="removeItemFromCart_shouldDecreaseCartCount" time="4.648"/>
  <testcase classname="com.example.tests.CartTests" name="cartShouldPersistAfterNavigation" time="26.301"/>
</testsuite> <!-- com.example.tests.CartTests -->
