<?xml version="1.0" encoding="UTF-8"?>
<!-- Generated by org.testng.reporters.JUnitReportReporter -->
<testsuite hostname="LAPTOP-GTC0RSB6" failures="0" tests="4" name="com.example.tests.CartTests" time="16.196" errors="0" timestamp="2025-09-09T11:23:02 IST" skipped="0">
  <testcase classname="com.example.tests.CartTests" name="cartShouldPersistAfterNavigation" time="3.991"/>
  <testcase classname="com.example.tests.CartTests" name="addItemToCart_shouldIncreaseCartCount" time="4.129"/>
  <testcase classname="com.example.tests.CartTests" name="removeItemFromCart_shouldDecreaseCartCount" time="2.680"/>
  <testcase classname="com.example.tests.CartTests" name="addMultipleItems_shouldAppearInCart" time="5.396"/>
</testsuite> <!-- com.example.tests.CartTests -->
