<?xml version="1.0" encoding="UTF-8"?>
<!-- Generated by org.testng.reporters.JUnitReportReporter -->
<testsuite hostname="LAPTOP-GTC0RSB6" failures="0" tests="4" name="com.example.tests.CartTests" time="16.881" errors="0" timestamp="2025-09-09T10:09:21 IST" skipped="0">
  <testcase classname="com.example.tests.CartTests" name="cartShouldPersistAfterNavigation" time="4.629"/>
  <testcase classname="com.example.tests.CartTests" name="addItemToCart_shouldIncreaseCartCount" time="3.773"/>
  <testcase classname="com.example.tests.CartTests" name="addMultipleItems_shouldAppearInCart" time="2.800"/>
  <testcase classname="com.example.tests.CartTests" name="removeItemFromCart_shouldDecreaseCartCount" time="5.679"/>
</testsuite> <!-- com.example.tests.CartTests -->
