<?xml version="1.0" encoding="UTF-8"?>
<!-- Generated by org.testng.reporters.JUnitReportReporter -->
<testsuite hostname="LAPTOP-GTC0RSB6" failures="0" tests="3" name="com.example.runners.TestRunner" time="12.743" errors="0" timestamp="2025-09-09T11:23:02 IST" skipped="0">
  <testcase classname="com.example.runners.TestRunner" name="runScenario" time="4.584"/>
  <testcase classname="com.example.runners.TestRunner" name="runScenario" time="3.695"/>
  <testcase classname="com.example.runners.TestRunner" name="runScenario" time="4.464"/>
</testsuite> <!-- com.example.runners.TestRunner -->
