<?xml version="1.0" encoding="UTF-8"?>
<!-- Generated by org.testng.reporters.JUnitReportReporter -->
<testsuite hostname="LAPTOP-GTC0RSB6" failures="0" tests="4" name="com.example.tests.CartTests" time="41.363" errors="0" timestamp="2025-09-09T11:38:55 IST" skipped="0">
  <testcase classname="com.example.tests.CartTests" name="addItemToCart_shouldIncreaseCartCount" time="2.604"/>
  <testcase classname="com.example.tests.CartTests" name="removeItemFromCart_shouldDecreaseCartCount" time="5.236"/>
  <testcase classname="com.example.tests.CartTests" name="cartShouldPersistAfterNavigation" time="3.591"/>
  <testcase classname="com.example.tests.CartTests" name="addMultipleItems_shouldAppearInCart" time="29.932"/>
</testsuite> <!-- com.example.tests.CartTests -->
