<?xml version="1.0" encoding="UTF-8"?>
<!-- Generated by org.testng.reporters.JUnitReportReporter -->
<testsuite hostname="LAPTOP-GTC0RSB6" failures="0" tests="3" name="com.example.runners.TestRunner" time="10.993" errors="0" timestamp="2025-09-08T18:02:03 IST" skipped="0">
  <testcase classname="com.example.runners.TestRunner" name="runScenario" time="4.335"/>
  <testcase classname="com.example.runners.TestRunner" name="runScenario" time="3.330"/>
  <testcase classname="com.example.runners.TestRunner" name="runScenario" time="3.328"/>
</testsuite> <!-- com.example.runners.TestRunner -->
