<?xml version="1.0" encoding="UTF-8"?>
<!-- Generated by org.testng.reporters.JUnitReportReporter -->
<testsuite hostname="LAPTOP-GTC0RSB6" failures="0" tests="5" name="com.example.tests.LoginTests" time="24.327" errors="0" timestamp="2025-09-09T11:38:55 IST" skipped="0">
  <testcase classname="com.example.tests.LoginTests" name="testValidLoginNavigatesToInventoryPage" time="4.428"/>
  <testcase classname="com.example.tests.LoginTests" name="invalidLogin_shouldShowError" time="4.301"/>
  <testcase classname="com.example.tests.LoginTests" name="invalidPassword_shouldShowError" time="6.772"/>
  <testcase classname="com.example.tests.LoginTests" name="blankCredentials_shouldShowError" time="4.287"/>
  <testcase classname="com.example.tests.LoginTests" name="blankPassword" time="4.539"/>
</testsuite> <!-- com.example.tests.LoginTests -->
