<?xml version="1.0" encoding="UTF-8"?>
<!-- Generated by org.testng.reporters.JUnitReportReporter -->
<testsuite hostname="LAPTOP-GTC0RSB6" failures="0" tests="4" name="com.example.tests.CheckoutTests" time="22.992" errors="0" timestamp="2025-09-09T09:55:52 IST" skipped="0">
  <testcase classname="com.example.tests.CheckoutTests" name="checkout_shouldCompleteOrder" time="6.160"/>
  <testcase classname="com.example.tests.CheckoutTests" name="checkout_missingFirstName_shouldShowError" time="5.979"/>
  <testcase classname="com.example.tests.CheckoutTests" name="checkout_missingLastName_shouldShowError" time="5.967"/>
  <testcase classname="com.example.tests.CheckoutTests" name="checkout_missingPostalCode_shouldShowError" time="4.886"/>
</testsuite> <!-- com.example.tests.CheckoutTests -->
