<?xml version="1.0" encoding="UTF-8"?>
<!-- Generated by org.testng.reporters.JUnitReportReporter -->
<testsuite hostname="LAPTOP-GTC0RSB6" failures="0" tests="3" name="com.example.runners.TestRunner" time="10.941" errors="0" timestamp="2025-09-09T11:38:55 IST" skipped="0">
  <testcase classname="com.example.runners.TestRunner" name="runScenario" time="3.966"/>
  <testcase classname="com.example.runners.TestRunner" name="runScenario" time="3.265"/>
  <testcase classname="com.example.runners.TestRunner" name="runScenario" time="3.710"/>
</testsuite> <!-- com.example.runners.TestRunner -->
