<?xml version="1.0" encoding="UTF-8"?>
<!-- Generated by org.testng.reporters.JUnitReportReporter -->
<testsuite hostname="LAPTOP-GTC0RSB6" failures="0" tests="4" name="com.example.tests.CartTests" time="15.769" errors="0" timestamp="2025-09-09T11:33:12 IST" skipped="0">
  <testcase classname="com.example.tests.CartTests" name="addItemToCart_shouldIncreaseCartCount" time="3.918"/>
  <testcase classname="com.example.tests.CartTests" name="addMultipleItems_shouldAppearInCart" time="3.822"/>
  <testcase classname="com.example.tests.CartTests" name="removeItemFromCart_shouldDecreaseCartCount" time="3.913"/>
  <testcase classname="com.example.tests.CartTests" name="cartShouldPersistAfterNavigation" time="4.116"/>
</testsuite> <!-- com.example.tests.CartTests -->
