<?xml version="1.0" encoding="UTF-8"?>
<!-- Generated by org.testng.reporters.JUnitReportReporter -->
<testsuite hostname="LAPTOP-GTC0RSB6" failures="0" tests="4" name="com.example.tests.CartTests" time="14.679" errors="0" timestamp="2025-09-09T09:36:47 IST" skipped="0">
  <testcase classname="com.example.tests.CartTests" name="cartShouldPersistAfterNavigation" time="3.794"/>
  <testcase classname="com.example.tests.CartTests" name="addMultipleItems_shouldAppearInCart" time="2.366"/>
  <testcase classname="com.example.tests.CartTests" name="removeItemFromCart_shouldDecreaseCartCount" time="4.634"/>
  <testcase classname="com.example.tests.CartTests" name="addItemToCart_shouldIncreaseCartCount" time="3.885"/>
</testsuite> <!-- com.example.tests.CartTests -->
