<?xml version="1.0" encoding="UTF-8"?>
<!-- Generated by org.testng.reporters.JUnitReportReporter -->
<testsuite hostname="LAPTOP-GTC0RSB6" failures="0" tests="5" name="com.example.tests.LoginTests" time="19.310" errors="0" timestamp="2025-09-09T11:33:12 IST" skipped="0">
  <testcase classname="com.example.tests.LoginTests" name="testValidLoginNavigatesToInventoryPage" time="5.450"/>
  <testcase classname="com.example.tests.LoginTests" name="invalidLogin_shouldShowError" time="4.985"/>
  <testcase classname="com.example.tests.LoginTests" name="invalidPassword_shouldShowError" time="3.515"/>
  <testcase classname="com.example.tests.LoginTests" name="blankCredentials_shouldShowError" time="1.994"/>
  <testcase classname="com.example.tests.LoginTests" name="blankPassword" time="3.366"/>
</testsuite> <!-- com.example.tests.LoginTests -->
