<?xml version="1.0" encoding="UTF-8"?>
<!-- Generated by org.testng.reporters.JUnitReportReporter -->
<testsuite hostname="LAPTOP-GTC0RSB6" failures="0" tests="3" name="com.example.runners.TestRunner" time="15.506" errors="0" timestamp="2025-09-09T09:55:52 IST" skipped="0">
  <testcase classname="com.example.runners.TestRunner" name="runScenario" time="4.996"/>
  <testcase classname="com.example.runners.TestRunner" name="runScenario" time="5.016"/>
  <testcase classname="com.example.runners.TestRunner" name="runScenario" time="5.494"/>
</testsuite> <!-- com.example.runners.TestRunner -->
