<?xml version="1.0" encoding="UTF-8"?>
<!-- Generated by org.testng.reporters.JUnitReportReporter -->
<testsuite hostname="LAPTOP-GTC0RSB6" failures="0" tests="3" name="com.example.runners.TestRunner" time="61.580" errors="0" timestamp="2025-09-09T09:36:47 IST" skipped="0">
  <testcase classname="com.example.runners.TestRunner" name="runScenario" time="54.359"/>
  <testcase classname="com.example.runners.TestRunner" name="runScenario" time="3.475"/>
  <testcase classname="com.example.runners.TestRunner" name="runScenario" time="3.746"/>
</testsuite> <!-- com.example.runners.TestRunner -->
