<?xml version="1.0" encoding="UTF-8"?>
<!-- Generated by org.testng.reporters.JUnitReportReporter -->
<testsuite hostname="LAPTOP-GTC0RSB6" failures="0" tests="5" name="com.example.tests.LoginTests" time="17.548" errors="0" timestamp="2025-09-09T10:17:38 IST" skipped="0">
  <testcase classname="com.example.tests.LoginTests" name="testValidLoginNavigatesToInventoryPage" time="3.068"/>
  <testcase classname="com.example.tests.LoginTests" name="invalidLogin_shouldShowError" time="3.742"/>
  <testcase classname="com.example.tests.LoginTests" name="invalidPassword_shouldShowError" time="3.122"/>
  <testcase classname="com.example.tests.LoginTests" name="blankCredentials_shouldShowError" time="4.527"/>
  <testcase classname="com.example.tests.LoginTests" name="blankPassword" time="3.089"/>
</testsuite> <!-- com.example.tests.LoginTests -->
