<?xml version="1.0" encoding="UTF-8"?>
<!-- Generated by org.testng.reporters.JUnitReportReporter -->
<testsuite hostname="LAPTOP-GTC0RSB6" failures="0" tests="4" name="com.example.tests.CheckoutTests" time="34.669" errors="0" timestamp="2025-09-08T18:02:03 IST" skipped="0">
  <testcase classname="com.example.tests.CheckoutTests" name="checkout_shouldCompleteOrder" time="2.458"/>
  <testcase classname="com.example.tests.CheckoutTests" name="checkout_missingFirstName_shouldShowError" time="23.422"/>
  <testcase classname="com.example.tests.CheckoutTests" name="checkout_missingLastName_shouldShowError" time="3.777"/>
  <testcase classname="com.example.tests.CheckoutTests" name="checkout_missingPostalCode_shouldShowError" time="5.012"/>
</testsuite> <!-- com.example.tests.CheckoutTests -->
